0 info it worked if it ends with ok
1 verbose cli [ 'C:\\Program Files\\nodejs\\node.exe',
1 verbose cli   'C:\\Program Files\\nodejs\\node_modules\\npm\\bin\\npm-cli.js',
1 verbose cli   'i',
1 verbose cli   'express',
1 verbose cli   'cors',
1 verbose cli   'body-parses',
1 verbose cli   'mongoose' ]
2 info using npm@4.1.2
3 info using node@v7.7.1
4 silly loadCurrentTree Starting
5 silly install loadCurrentTree
6 silly install readLocalPackageData
7 silly fetchPackageMetaData express
8 silly fetchPackageMetaData cors
9 silly fetchPackageMetaData body-parses
10 silly fetchPackageMetaData mongoose
11 silly fetchNamedPackageData express
12 silly mapToRegistry name express
13 silly mapToRegistry using default registry
14 silly mapToRegistry registry https://registry.npmjs.org/
15 silly mapToRegistry data Result {
15 silly mapToRegistry   raw: 'express',
15 silly mapToRegistry   scope: null,
15 silly mapToRegistry   escapedName: 'express',
15 silly mapToRegistry   name: 'express',
15 silly mapToRegistry   rawSpec: '',
15 silly mapToRegistry   spec: 'latest',
15 silly mapToRegistry   type: 'tag' }
16 silly mapToRegistry uri https://registry.npmjs.org/express
17 silly fetchNamedPackageData cors
18 silly mapToRegistry name cors
19 silly mapToRegistry using default registry
20 silly mapToRegistry registry https://registry.npmjs.org/
21 silly mapToRegistry data Result {
21 silly mapToRegistry   raw: 'cors',
21 silly mapToRegistry   scope: null,
21 silly mapToRegistry   escapedName: 'cors',
21 silly mapToRegistry   name: 'cors',
21 silly mapToRegistry   rawSpec: '',
21 silly mapToRegistry   spec: 'latest',
21 silly mapToRegistry   type: 'tag' }
22 silly mapToRegistry uri https://registry.npmjs.org/cors
23 silly fetchNamedPackageData body-parses
24 silly mapToRegistry name body-parses
25 silly mapToRegistry using default registry
26 silly mapToRegistry registry https://registry.npmjs.org/
27 silly mapToRegistry data Result {
27 silly mapToRegistry   raw: 'body-parses',
27 silly mapToRegistry   scope: null,
27 silly mapToRegistry   escapedName: 'body-parses',
27 silly mapToRegistry   name: 'body-parses',
27 silly mapToRegistry   rawSpec: '',
27 silly mapToRegistry   spec: 'latest',
27 silly mapToRegistry   type: 'tag' }
28 silly mapToRegistry uri https://registry.npmjs.org/body-parses
29 silly fetchNamedPackageData mongoose
30 silly mapToRegistry name mongoose
31 silly mapToRegistry using default registry
32 silly mapToRegistry registry https://registry.npmjs.org/
33 silly mapToRegistry data Result {
33 silly mapToRegistry   raw: 'mongoose',
33 silly mapToRegistry   scope: null,
33 silly mapToRegistry   escapedName: 'mongoose',
33 silly mapToRegistry   name: 'mongoose',
33 silly mapToRegistry   rawSpec: '',
33 silly mapToRegistry   spec: 'latest',
33 silly mapToRegistry   type: 'tag' }
34 silly mapToRegistry uri https://registry.npmjs.org/mongoose
35 verbose request uri https://registry.npmjs.org/body-parses
36 verbose request no auth needed
37 info attempt registry request try #1 at 04:38:58
38 verbose request id 465324e1ad36c845
39 http request GET https://registry.npmjs.org/body-parses
40 verbose request uri https://registry.npmjs.org/cors
41 verbose request no auth needed
42 info attempt registry request try #1 at 04:38:58
43 verbose etag W/"294fbde4d0cc592dc96a2e7be4a966c3"
44 verbose lastModified Fri, 03 Aug 2018 00:33:50 GMT
45 http request GET https://registry.npmjs.org/cors
46 verbose request uri https://registry.npmjs.org/express
47 verbose request no auth needed
48 info attempt registry request try #1 at 04:38:58
49 verbose etag W/"fd0dcb90a3f61df4049655e292fce224"
50 verbose lastModified Sat, 27 Oct 2018 03:12:15 GMT
51 http request GET https://registry.npmjs.org/express
52 verbose request uri https://registry.npmjs.org/mongoose
53 verbose request no auth needed
54 info attempt registry request try #1 at 04:38:59
55 verbose etag W/"35c39216a85d674c87bd120b2b4667bf"
56 verbose lastModified Sun, 07 Oct 2018 21:45:13 GMT
57 http request GET https://registry.npmjs.org/mongoose
58 http 200 https://registry.npmjs.org/express
59 verbose headers { date: 'Thu, 06 Dec 2018 01:39:00 GMT',
59 verbose headers   'content-type': 'application/json',
59 verbose headers   'transfer-encoding': 'chunked',
59 verbose headers   connection: 'keep-alive',
59 verbose headers   'set-cookie': [ '__cfduid=dbcb2277fc09064580df0e52ced3299d61544060340; expires=Fri, 06-Dec-19 01:39:00 GMT; path=/; domain=.registry.npmjs.org; HttpOnly' ],
59 verbose headers   'cf-cache-status': 'HIT',
59 verbose headers   'cache-control': 'max-age=300',
59 verbose headers   'cf-ray': '484b09456fe48231-KBP',
59 verbose headers   etag: 'W/"95343702d4b33f3274400c9d5ec770d8"',
59 verbose headers   'expect-ct': 'max-age=604800, report-uri="https://report-uri.cloudflare.com/cdn-cgi/beacon/expect-ct"',
59 verbose headers   'last-modified': 'Mon, 19 Nov 2018 17:32:42 GMT',
59 verbose headers   vary: 'accept-encoding, accept',
59 verbose headers   'x-amz-meta-rev': '3870-d1c4bcd52d2646697ac63b024e29cf68',
59 verbose headers   server: 'cloudflare',
59 verbose headers   'content-encoding': 'gzip' }
60 silly get cb [ 200,
60 silly get   { date: 'Thu, 06 Dec 2018 01:39:00 GMT',
60 silly get     'content-type': 'application/json',
60 silly get     'transfer-encoding': 'chunked',
60 silly get     connection: 'keep-alive',
60 silly get     'set-cookie': [ '__cfduid=dbcb2277fc09064580df0e52ced3299d61544060340; expires=Fri, 06-Dec-19 01:39:00 GMT; path=/; domain=.registry.npmjs.org; HttpOnly' ],
60 silly get     'cf-cache-status': 'HIT',
60 silly get     'cache-control': 'max-age=300',
60 silly get     'cf-ray': '484b09456fe48231-KBP',
60 silly get     etag: 'W/"95343702d4b33f3274400c9d5ec770d8"',
60 silly get     'expect-ct': 'max-age=604800, report-uri="https://report-uri.cloudflare.com/cdn-cgi/beacon/expect-ct"',
60 silly get     'last-modified': 'Mon, 19 Nov 2018 17:32:42 GMT',
60 silly get     vary: 'accept-encoding, accept',
60 silly get     'x-amz-meta-rev': '3870-d1c4bcd52d2646697ac63b024e29cf68',
60 silly get     server: 'cloudflare',
60 silly get     'content-encoding': 'gzip' } ]
61 verbose get saving express to C:\Users\Alex\AppData\Roaming\npm-cache\registry.npmjs.org\express\.cache.json
62 verbose correctMkdir C:\Users\Alex\AppData\Roaming\npm-cache correctMkdir not in flight; initializing
63 http 200 https://registry.npmjs.org/mongoose
64 verbose headers { date: 'Thu, 06 Dec 2018 01:39:00 GMT',
64 verbose headers   'content-type': 'application/json',
64 verbose headers   'transfer-encoding': 'chunked',
64 verbose headers   connection: 'keep-alive',
64 verbose headers   'set-cookie': [ '__cfduid=d3d13ea92938e063fbb4ba7efb18ec1871544060340; expires=Fri, 06-Dec-19 01:39:00 GMT; path=/; domain=.registry.npmjs.org; HttpOnly' ],
64 verbose headers   'cf-cache-status': 'HIT',
64 verbose headers   'cache-control': 'max-age=300',
64 verbose headers   'cf-ray': '484b0945afe5821f-KBP',
64 verbose headers   etag: 'W/"929a8d20db5869fc2b39e9f60c96837d"',
64 verbose headers   'expect-ct': 'max-age=604800, report-uri="https://report-uri.cloudflare.com/cdn-cgi/beacon/expect-ct"',
64 verbose headers   'last-modified': 'Wed, 05 Dec 2018 22:24:46 GMT',
64 verbose headers   vary: 'accept-encoding, accept',
64 verbose headers   'x-amz-meta-rev': '1695-132c15baad797434cfb621500bc75948',
64 verbose headers   server: 'cloudflare',
64 verbose headers   'content-encoding': 'gzip' }
65 silly get cb [ 200,
65 silly get   { date: 'Thu, 06 Dec 2018 01:39:00 GMT',
65 silly get     'content-type': 'application/json',
65 silly get     'transfer-encoding': 'chunked',
65 silly get     connection: 'keep-alive',
65 silly get     'set-cookie': [ '__cfduid=d3d13ea92938e063fbb4ba7efb18ec1871544060340; expires=Fri, 06-Dec-19 01:39:00 GMT; path=/; domain=.registry.npmjs.org; HttpOnly' ],
65 silly get     'cf-cache-status': 'HIT',
65 silly get     'cache-control': 'max-age=300',
65 silly get     'cf-ray': '484b0945afe5821f-KBP',
65 silly get     etag: 'W/"929a8d20db5869fc2b39e9f60c96837d"',
65 silly get     'expect-ct': 'max-age=604800, report-uri="https://report-uri.cloudflare.com/cdn-cgi/beacon/expect-ct"',
65 silly get     'last-modified': 'Wed, 05 Dec 2018 22:24:46 GMT',
65 silly get     vary: 'accept-encoding, accept',
65 silly get     'x-amz-meta-rev': '1695-132c15baad797434cfb621500bc75948',
65 silly get     server: 'cloudflare',
65 silly get     'content-encoding': 'gzip' } ]
66 verbose get saving mongoose to C:\Users\Alex\AppData\Roaming\npm-cache\registry.npmjs.org\mongoose\.cache.json
67 verbose correctMkdir C:\Users\Alex\AppData\Roaming\npm-cache correctMkdir not in flight; initializing
68 http 404 https://registry.npmjs.org/body-parses
69 verbose headers { date: 'Thu, 06 Dec 2018 01:39:00 GMT',
69 verbose headers   'content-type': 'application/json',
69 verbose headers   'content-length': '21',
69 verbose headers   connection: 'keep-alive',
69 verbose headers   'set-cookie': [ '__cfduid=d23a2f7ba67dc3b966d8a99704c3c3e541544060340; expires=Fri, 06-Dec-19 01:39:00 GMT; path=/; domain=.registry.npmjs.org; HttpOnly' ],
69 verbose headers   'cf-cache-status': 'MISS',
69 verbose headers   'cache-control': 'max-age=300',
69 verbose headers   'cf-ray': '484b09455b428b34-KBP',
69 verbose headers   'expect-ct': 'max-age=604800, report-uri="https://report-uri.cloudflare.com/cdn-cgi/beacon/expect-ct"',
69 verbose headers   vary: 'accept-encoding, accept',
69 verbose headers   server: 'cloudflare' }
70 silly get cb [ 404,
70 silly get   { date: 'Thu, 06 Dec 2018 01:39:00 GMT',
70 silly get     'content-type': 'application/json',
70 silly get     'content-length': '21',
70 silly get     connection: 'keep-alive',
70 silly get     'set-cookie': [ '__cfduid=d23a2f7ba67dc3b966d8a99704c3c3e541544060340; expires=Fri, 06-Dec-19 01:39:00 GMT; path=/; domain=.registry.npmjs.org; HttpOnly' ],
70 silly get     'cf-cache-status': 'MISS',
70 silly get     'cache-control': 'max-age=300',
70 silly get     'cf-ray': '484b09455b428b34-KBP',
70 silly get     'expect-ct': 'max-age=604800, report-uri="https://report-uri.cloudflare.com/cdn-cgi/beacon/expect-ct"',
70 silly get     vary: 'accept-encoding, accept',
70 silly get     server: 'cloudflare' } ]
71 silly fetchPackageMetaData Error: Not found : body-parses
71 silly fetchPackageMetaData     at makeError (C:\Users\Alex\AppData\Roaming\nvm\v7.7.1\node_modules\npm\node_modules\npm-registry-client\lib\request.js:304:12)
71 silly fetchPackageMetaData     at CachingRegistryClient.<anonymous> (C:\Users\Alex\AppData\Roaming\nvm\v7.7.1\node_modules\npm\node_modules\npm-registry-client\lib\request.js:292:14)
71 silly fetchPackageMetaData     at Request._callback (C:\Users\Alex\AppData\Roaming\nvm\v7.7.1\node_modules\npm\node_modules\npm-registry-client\lib\request.js:212:14)
71 silly fetchPackageMetaData     at Request.self.callback (C:\Users\Alex\AppData\Roaming\nvm\v7.7.1\node_modules\npm\node_modules\request\request.js:186:22)
71 silly fetchPackageMetaData     at emitTwo (events.js:106:13)
71 silly fetchPackageMetaData     at Request.emit (events.js:194:7)
71 silly fetchPackageMetaData     at Request.<anonymous> (C:\Users\Alex\AppData\Roaming\nvm\v7.7.1\node_modules\npm\node_modules\request\request.js:1081:10)
71 silly fetchPackageMetaData     at emitOne (events.js:96:13)
71 silly fetchPackageMetaData     at Request.emit (events.js:191:7)
71 silly fetchPackageMetaData     at IncomingMessage.<anonymous> (C:\Users\Alex\AppData\Roaming\nvm\v7.7.1\node_modules\npm\node_modules\request\request.js:1001:12)
71 silly fetchPackageMetaData  error for body-parses { Error: Not found : body-parses
71 silly fetchPackageMetaData     at makeError (C:\Users\Alex\AppData\Roaming\nvm\v7.7.1\node_modules\npm\node_modules\npm-registry-client\lib\request.js:304:12)
71 silly fetchPackageMetaData     at CachingRegistryClient.<anonymous> (C:\Users\Alex\AppData\Roaming\nvm\v7.7.1\node_modules\npm\node_modules\npm-registry-client\lib\request.js:292:14)
71 silly fetchPackageMetaData     at Request._callback (C:\Users\Alex\AppData\Roaming\nvm\v7.7.1\node_modules\npm\node_modules\npm-registry-client\lib\request.js:212:14)
71 silly fetchPackageMetaData     at Request.self.callback (C:\Users\Alex\AppData\Roaming\nvm\v7.7.1\node_modules\npm\node_modules\request\request.js:186:22)
71 silly fetchPackageMetaData     at emitTwo (events.js:106:13)
71 silly fetchPackageMetaData     at Request.emit (events.js:194:7)
71 silly fetchPackageMetaData     at Request.<anonymous> (C:\Users\Alex\AppData\Roaming\nvm\v7.7.1\node_modules\npm\node_modules\request\request.js:1081:10)
71 silly fetchPackageMetaData     at emitOne (events.js:96:13)
71 silly fetchPackageMetaData     at Request.emit (events.js:191:7)
71 silly fetchPackageMetaData     at IncomingMessage.<anonymous> (C:\Users\Alex\AppData\Roaming\nvm\v7.7.1\node_modules\npm\node_modules\request\request.js:1001:12) pkgid: 'body-parses', statusCode: 404, code: 'E404' }
72 http 200 https://registry.npmjs.org/cors
73 verbose headers { date: 'Thu, 06 Dec 2018 01:39:00 GMT',
73 verbose headers   'content-type': 'application/json',
73 verbose headers   'transfer-encoding': 'chunked',
73 verbose headers   connection: 'keep-alive',
73 verbose headers   'set-cookie': [ '__cfduid=d6b66e43c47834fa236c3c65d36d66d041544060340; expires=Fri, 06-Dec-19 01:39:00 GMT; path=/; domain=.registry.npmjs.org; HttpOnly' ],
73 verbose headers   'cf-cache-status': 'REVALIDATED',
73 verbose headers   'cache-control': 'max-age=300',
73 verbose headers   'cf-ray': '484b094569d78225-KBP',
73 verbose headers   etag: 'W/"e856a51a499100244c31587700c2a049"',
73 verbose headers   'expect-ct': 'max-age=604800, report-uri="https://report-uri.cloudflare.com/cdn-cgi/beacon/expect-ct"',
73 verbose headers   'last-modified': 'Sun, 04 Nov 2018 21:00:17 GMT',
73 verbose headers   vary: 'accept-encoding, accept',
73 verbose headers   'x-amz-meta-rev': '362-757113afebce84f042dc442f250fa9e4',
73 verbose headers   server: 'cloudflare',
73 verbose headers   'content-encoding': 'gzip' }
74 silly get cb [ 200,
74 silly get   { date: 'Thu, 06 Dec 2018 01:39:00 GMT',
74 silly get     'content-type': 'application/json',
74 silly get     'transfer-encoding': 'chunked',
74 silly get     connection: 'keep-alive',
74 silly get     'set-cookie': [ '__cfduid=d6b66e43c47834fa236c3c65d36d66d041544060340; expires=Fri, 06-Dec-19 01:39:00 GMT; path=/; domain=.registry.npmjs.org; HttpOnly' ],
74 silly get     'cf-cache-status': 'REVALIDATED',
74 silly get     'cache-control': 'max-age=300',
74 silly get     'cf-ray': '484b094569d78225-KBP',
74 silly get     etag: 'W/"e856a51a499100244c31587700c2a049"',
74 silly get     'expect-ct': 'max-age=604800, report-uri="https://report-uri.cloudflare.com/cdn-cgi/beacon/expect-ct"',
74 silly get     'last-modified': 'Sun, 04 Nov 2018 21:00:17 GMT',
74 silly get     vary: 'accept-encoding, accept',
74 silly get     'x-amz-meta-rev': '362-757113afebce84f042dc442f250fa9e4',
74 silly get     server: 'cloudflare',
74 silly get     'content-encoding': 'gzip' } ]
75 verbose get saving cors to C:\Users\Alex\AppData\Roaming\npm-cache\registry.npmjs.org\cors\.cache.json
76 verbose correctMkdir C:\Users\Alex\AppData\Roaming\npm-cache correctMkdir not in flight; initializing
77 silly rollbackFailedOptional Starting
78 silly rollbackFailedOptional Finishing
79 silly runTopLevelLifecycles Finishing
80 silly install printInstalled
81 verbose stack Error: Not found : body-parses
81 verbose stack     at makeError (C:\Users\Alex\AppData\Roaming\nvm\v7.7.1\node_modules\npm\node_modules\npm-registry-client\lib\request.js:304:12)
81 verbose stack     at CachingRegistryClient.<anonymous> (C:\Users\Alex\AppData\Roaming\nvm\v7.7.1\node_modules\npm\node_modules\npm-registry-client\lib\request.js:292:14)
81 verbose stack     at Request._callback (C:\Users\Alex\AppData\Roaming\nvm\v7.7.1\node_modules\npm\node_modules\npm-registry-client\lib\request.js:212:14)
81 verbose stack     at Request.self.callback (C:\Users\Alex\AppData\Roaming\nvm\v7.7.1\node_modules\npm\node_modules\request\request.js:186:22)
81 verbose stack     at emitTwo (events.js:106:13)
81 verbose stack     at Request.emit (events.js:194:7)
81 verbose stack     at Request.<anonymous> (C:\Users\Alex\AppData\Roaming\nvm\v7.7.1\node_modules\npm\node_modules\request\request.js:1081:10)
81 verbose stack     at emitOne (events.js:96:13)
81 verbose stack     at Request.emit (events.js:191:7)
81 verbose stack     at IncomingMessage.<anonymous> (C:\Users\Alex\AppData\Roaming\nvm\v7.7.1\node_modules\npm\node_modules\request\request.js:1001:12)
82 verbose statusCode 404
83 verbose pkgid body-parses
84 verbose cwd F:\dev\todo_api
85 error Windows_NT 10.0.17134
86 error argv "C:\\Program Files\\nodejs\\node.exe" "C:\\Program Files\\nodejs\\node_modules\\npm\\bin\\npm-cli.js" "i" "express" "cors" "body-parses" "mongoose"
87 error node v7.7.1
88 error npm  v4.1.2
89 error code E404
90 error 404 Not found : body-parses
91 error 404
92 error 404 'body-parses' is not in the npm registry.
93 error 404 You should bug the author to publish it (or use the name yourself!)
94 error 404 Note that you can also install from a
95 error 404 tarball, folder, http url, or git url.
96 verbose exit [ 1, true ]
